Tue Mar 17 05:16:42 PM EDT 2026: SEL Expansion Loop starting
Tue Mar 17 05:16:42 PM EDT 2026: State file: /home/dchisholm125/Desktop/repos-local/graph-oriented-generation/sel/expansion/expansion_state.json
Tue Mar 17 05:16:42 PM EDT 2026: Press Ctrl+C to stop
---
Tue Mar 17 05:24:10 PM EDT 2026: SEL Expansion Loop starting
Tue Mar 17 05:24:10 PM EDT 2026: State file: /home/dchisholm125/Desktop/repos-local/graph-oriented-generation/sel/expansion/expansion_state.json
Tue Mar 17 05:24:10 PM EDT 2026: Press Ctrl+C to stop
---
Tue Mar 17 05:24:10 PM EDT 2026 [iter=1] OK: no concepts found
Tue Mar 17 05:24:18 PM EDT 2026 [iter=2] OK: SIGNAL_GAP categories: +10 signals
Tue Mar 17 05:25:23 PM EDT 2026: SEL Expansion Loop starting
Tue Mar 17 05:25:23 PM EDT 2026: State file: /home/dchisholm125/Desktop/repos-local/graph-oriented-generation/sel/expansion/expansion_state.json
Tue Mar 17 05:25:23 PM EDT 2026: Press Ctrl+C to stop
---
Tue Mar 17 05:26:12 PM EDT 2026 [iter=1] OK: RULE_GAP: +3 rule suggestions
Tue Mar 17 05:26:14 PM EDT 2026 [iter=2] OK: no concepts found
Tue Mar 17 05:26:16 PM EDT 2026 [iter=3] OK: no concepts found
Tue Mar 17 05:26:18 PM EDT 2026 [iter=4] OK: no concepts found
Tue Mar 17 05:26:32 PM EDT 2026 [iter=5] OK: SIGNAL_GAP sel_operator_assignments: +10 signals
Tue Mar 17 05:27:10 PM EDT 2026 [iter=6] OK: RULE_GAP: +3 rule suggestions
Tue Mar 17 05:27:12 PM EDT 2026 [iter=7] OK: no concepts found
Tue Mar 17 05:27:14 PM EDT 2026 [iter=8] OK: no concepts found
Tue Mar 17 05:27:16 PM EDT 2026 [iter=9] OK: no concepts found
Tue Mar 17 05:27:24 PM EDT 2026 [iter=10] OK: SIGNAL_GAP metadata: +10 signals
Tue Mar 17 05:27:54 PM EDT 2026 [iter=11] OK: RULE_GAP: +3 rule suggestions
Tue Mar 17 05:27:56 PM EDT 2026 [iter=12] OK: no concepts found
Tue Mar 17 05:27:58 PM EDT 2026 [iter=13] OK: no concepts found
Tue Mar 17 05:28:00 PM EDT 2026 [iter=14] OK: no concepts found
Tue Mar 17 05:28:09 PM EDT 2026 [iter=15] OK: SIGNAL_GAP categories: +9 signals
Tue Mar 17 05:28:37 PM EDT 2026 [iter=16] OK: RULE_GAP: +3 rule suggestions
Tue Mar 17 05:28:39 PM EDT 2026 [iter=17] OK: no concepts found
Tue Mar 17 05:28:41 PM EDT 2026 [iter=18] OK: no concepts found
Tue Mar 17 05:28:43 PM EDT 2026 [iter=19] OK: no concepts found
Tue Mar 17 05:29:00 PM EDT 2026 [iter=20] OK: SIGNAL_GAP sel_operator_assignments: +10 signals
Tue Mar 17 05:29:23 PM EDT 2026 [iter=21] OK: RULE_GAP: +3 rule suggestions
Tue Mar 17 05:31:42 PM EDT 2026: SEL Expansion Loop starting
Tue Mar 17 05:31:42 PM EDT 2026: State file: /home/dchisholm125/Desktop/repos-local/graph-oriented-generation/sel/expansion/expansion_state.json
Tue Mar 17 05:31:42 PM EDT 2026: Press Ctrl+C to stop
---
Tue Mar 17 05:31:54 PM EDT 2026: SEL Expansion Loop starting
Tue Mar 17 05:31:54 PM EDT 2026: State file: /home/dchisholm125/Desktop/repos-local/graph-oriented-generation/sel/expansion/expansion_state.json
Tue Mar 17 05:31:54 PM EDT 2026: Press Ctrl+C to stop
---
Tue Mar 17 05:32:05 PM EDT 2026 [iter=1] OK: TEMPLATE_GAP longing: +3 templates
Tue Mar 17 05:32:29 PM EDT 2026: SEL Expansion Loop starting
Tue Mar 17 05:32:29 PM EDT 2026: State file: /home/dchisholm125/Desktop/repos-local/graph-oriented-generation/sel/expansion/expansion_state.json
Tue Mar 17 05:32:29 PM EDT 2026: Press Ctrl+C to stop
---
Tue Mar 17 05:32:39 PM EDT 2026 [iter=1] OK: SIGNAL_GAP sel_operator_assignments: +7 signals
Tue Mar 17 05:33:25 PM EDT 2026 [iter=2] OK: RULE_GAP: +3 rule suggestions
Tue Mar 17 05:33:35 PM EDT 2026 [iter=3] OK: VARIANT_GAP longing: +6 variant templates
Tue Mar 17 05:33:58 PM EDT 2026 [iter=4] OK: QUALITY_REVIEW longing: reviewed 12, replaced 1
Tue Mar 17 05:34:19 PM EDT 2026 [iter=5] OK: TEMPLATE_GAP mourning: +3 templates
Tue Mar 17 05:34:26 PM EDT 2026 [iter=6] OK: SIGNAL_GAP sel_operator_assignments: +8 signals
Tue Mar 17 05:34:46 PM EDT 2026 [iter=7] OK: RULE_GAP: +3 rule suggestions
Tue Mar 17 05:35:07 PM EDT 2026 [iter=8] OK: VARIANT_GAP mourning: +6 variant templates
Tue Mar 17 05:35:19 PM EDT 2026 [iter=9] OK: QUALITY_REVIEW mourning: reviewed 12, replaced 0
Tue Mar 17 05:35:42 PM EDT 2026 [iter=10] OK: TEMPLATE_GAP anticipation: +3 templates
Tue Mar 17 05:35:54 PM EDT 2026 [iter=11] OK: SIGNAL_GAP sel_operator_assignments: +8 signals
Tue Mar 17 05:36:24 PM EDT 2026 [iter=12] OK: RULE_GAP: +3 rule suggestions
Tue Mar 17 05:36:51 PM EDT 2026 [iter=13] OK: VARIANT_GAP anticipation: +6 variant templates
Tue Mar 17 05:37:07 PM EDT 2026 [iter=14] OK: QUALITY_REVIEW anticipation: reviewed 12, replaced 1
Tue Mar 17 05:37:25 PM EDT 2026 [iter=15] OK: TEMPLATE_GAP connection: +3 templates
Tue Mar 17 05:37:38 PM EDT 2026 [iter=16] OK: SIGNAL_GAP sel_operator_assignments: +6 signals
Tue Mar 17 05:37:53 PM EDT 2026 [iter=17] OK: RULE_GAP: +3 rule suggestions
Tue Mar 17 05:38:07 PM EDT 2026 [iter=18] OK: VARIANT_GAP connection: +6 variant templates
Tue Mar 17 05:38:23 PM EDT 2026 [iter=19] OK: QUALITY_REVIEW connection: reviewed 12, replaced 0
Tue Mar 17 05:38:57 PM EDT 2026 [iter=20] OK: TEMPLATE_GAP homesickness: +3 templates
Tue Mar 17 05:39:08 PM EDT 2026 [iter=21] OK: SIGNAL_GAP sel_operator_assignments: +8 signals
Tue Mar 17 05:39:40 PM EDT 2026 [iter=22] OK: RULE_GAP: +3 rule suggestions
Tue Mar 17 05:39:57 PM EDT 2026 [iter=23] OK: VARIANT_GAP homesickness: +6 variant templates
Tue Mar 17 05:40:08 PM EDT 2026 [iter=24] OK: QUALITY_REVIEW homesickness: reviewed 10, replaced 1
Tue Mar 17 05:40:31 PM EDT 2026 [iter=25] OK: TEMPLATE_GAP longing: +3 templates
Tue Mar 17 05:40:41 PM EDT 2026 [iter=26] OK: SIGNAL_GAP sel_operator_assignments: +10 signals
Tue Mar 17 05:41:03 PM EDT 2026 [iter=27] OK: RULE_GAP: +3 rule suggestions
Tue Mar 17 05:41:31 PM EDT 2026 [iter=28] OK: VARIANT_GAP longing: +6 variant templates
Tue Mar 17 05:41:42 PM EDT 2026 [iter=29] OK: QUALITY_REVIEW longing: reviewed 12, replaced 0
Tue Mar 17 05:42:05 PM EDT 2026 [iter=30] OK: TEMPLATE_GAP mourning: +3 templates
Tue Mar 17 05:42:14 PM EDT 2026 [iter=31] OK: SIGNAL_GAP sel_operator_assignments: +4 signals
Tue Mar 17 05:42:27 PM EDT 2026 [iter=32] OK: RULE_GAP: +3 rule suggestions
Tue Mar 17 05:42:47 PM EDT 2026 [iter=33] OK: VARIANT_GAP mourning: +6 variant templates
Tue Mar 17 05:43:05 PM EDT 2026 [iter=34] OK: QUALITY_REVIEW mourning: reviewed 12, replaced 0
Tue Mar 17 05:43:18 PM EDT 2026 [iter=35] OK: TEMPLATE_GAP anticipation: +3 templates
Tue Mar 17 05:43:33 PM EDT 2026 [iter=36] OK: SIGNAL_GAP sel_operator_assignments: +6 signals
Tue Mar 17 05:44:00 PM EDT 2026 [iter=37] OK: RULE_GAP: +3 rule suggestions
Tue Mar 17 05:44:17 PM EDT 2026 [iter=38] OK: VARIANT_GAP anticipation: +6 variant templates
Tue Mar 17 05:44:34 PM EDT 2026 [iter=39] OK: QUALITY_REVIEW anticipation: reviewed 12, replaced 1
Tue Mar 17 05:44:55 PM EDT 2026 [iter=40] OK: TEMPLATE_GAP connection: +3 templates
Tue Mar 17 05:45:10 PM EDT 2026 [iter=41] OK: SIGNAL_GAP sel_operator_assignments: +10 signals
Tue Mar 17 05:45:27 PM EDT 2026 [iter=42] OK: RULE_GAP: +3 rule suggestions
Tue Mar 17 05:45:40 PM EDT 2026 [iter=43] OK: VARIANT_GAP connection: +6 variant templates
Tue Mar 17 05:45:50 PM EDT 2026 [iter=44] OK: QUALITY_REVIEW connection: reviewed 12, replaced 0
Tue Mar 17 05:46:39 PM EDT 2026 [iter=45] OK: TEMPLATE_GAP homesickness: +3 templates
Tue Mar 17 05:46:50 PM EDT 2026 [iter=46] OK: SIGNAL_GAP sel_operator_assignments: +9 signals
Tue Mar 17 05:47:29 PM EDT 2026 [iter=47] OK: RULE_GAP: +3 rule suggestions
Tue Mar 17 05:47:42 PM EDT 2026 [iter=48] OK: VARIANT_GAP homesickness: +6 variant templates
Tue Mar 17 05:47:59 PM EDT 2026 [iter=49] OK: QUALITY_REVIEW homesickness: reviewed 10, replaced 0
Tue Mar 17 05:48:20 PM EDT 2026 [iter=50] OK: TEMPLATE_GAP longing: +3 templates
Tue Mar 17 05:48:32 PM EDT 2026 [iter=51] OK: SIGNAL_GAP sel_operator_assignments: +10 signals
Tue Mar 17 05:48:45 PM EDT 2026 [iter=52] OK: RULE_GAP: +3 rule suggestions
Tue Mar 17 05:49:02 PM EDT 2026 [iter=53] OK: VARIANT_GAP longing: +6 variant templates
Tue Mar 17 05:49:15 PM EDT 2026 [iter=54] OK: QUALITY_REVIEW longing: reviewed 12, replaced 0
Tue Mar 17 05:49:42 PM EDT 2026 [iter=55] OK: TEMPLATE_GAP mourning: +3 templates
Tue Mar 17 05:49:52 PM EDT 2026 [iter=56] OK: SIGNAL_GAP sel_operator_assignments: +10 signals
Tue Mar 17 05:50:11 PM EDT 2026 [iter=57] OK: RULE_GAP: +3 rule suggestions
Tue Mar 17 05:50:33 PM EDT 2026 [iter=58] OK: VARIANT_GAP mourning: +6 variant templates
Tue Mar 17 05:50:45 PM EDT 2026 [iter=59] OK: QUALITY_REVIEW mourning: reviewed 12, replaced 0
Tue Mar 17 05:51:13 PM EDT 2026 [iter=60] OK: TEMPLATE_GAP anticipation: +3 templates
Tue Mar 17 05:51:22 PM EDT 2026 [iter=61] OK: SIGNAL_GAP sel_operator_assignments: +5 signals
Tue Mar 17 05:51:49 PM EDT 2026 [iter=62] OK: RULE_GAP: +3 rule suggestions
Tue Mar 17 05:52:05 PM EDT 2026 [iter=63] OK: VARIANT_GAP anticipation: +6 variant templates
Tue Mar 17 05:52:16 PM EDT 2026 [iter=64] OK: QUALITY_REVIEW anticipation: reviewed 12, replaced 0
Tue Mar 17 05:53:00 PM EDT 2026 [iter=65] OK: TEMPLATE_GAP connection: +3 templates
Tue Mar 17 05:53:13 PM EDT 2026 [iter=66] OK: SIGNAL_GAP sel_operator_assignments: +7 signals
Tue Mar 17 05:53:38 PM EDT 2026 [iter=67] OK: RULE_GAP: +3 rule suggestions
Tue Mar 17 05:54:04 PM EDT 2026 [iter=68] OK: VARIANT_GAP connection: +6 variant templates
Tue Mar 17 05:54:15 PM EDT 2026 [iter=69] OK: QUALITY_REVIEW connection: reviewed 12, replaced 0
Tue Mar 17 05:54:54 PM EDT 2026 [iter=70] OK: TEMPLATE_GAP homesickness: +6 templates
Tue Mar 17 05:55:05 PM EDT 2026 [iter=71] OK: SIGNAL_GAP sel_operator_assignments: +6 signals
Tue Mar 17 05:56:02 PM EDT 2026 [iter=72] OK: RULE_GAP: +3 rule suggestions
Tue Mar 17 05:56:24 PM EDT 2026 [iter=73] OK: VARIANT_GAP homesickness: +6 variant templates
Tue Mar 17 05:56:45 PM EDT 2026 [iter=74] OK: QUALITY_REVIEW homesickness: reviewed 10, replaced 1
Tue Mar 17 05:57:03 PM EDT 2026 [iter=75] OK: TEMPLATE_GAP longing: +3 templates
Tue Mar 17 05:57:17 PM EDT 2026 [iter=76] OK: SIGNAL_GAP sel_operator_assignments: +5 signals
Tue Mar 17 05:57:28 PM EDT 2026 [iter=77] OK: RULE_GAP: +3 rule suggestions
Tue Mar 17 05:57:53 PM EDT 2026 [iter=78] OK: VARIANT_GAP longing: +6 variant templates
Tue Mar 17 05:58:07 PM EDT 2026 [iter=79] OK: QUALITY_REVIEW longing: reviewed 12, replaced 0
Tue Mar 17 05:58:27 PM EDT 2026 [iter=80] OK: TEMPLATE_GAP mourning: +3 templates
Tue Mar 17 05:58:34 PM EDT 2026 [iter=81] OK: SIGNAL_GAP sel_operator_assignments: +3 signals
Tue Mar 17 05:58:55 PM EDT 2026 [iter=82] OK: RULE_GAP: +3 rule suggestions
Tue Mar 17 05:59:23 PM EDT 2026 [iter=83] OK: VARIANT_GAP mourning: +6 variant templates
Tue Mar 17 05:59:41 PM EDT 2026 [iter=84] OK: QUALITY_REVIEW mourning: reviewed 12, replaced 0
Tue Mar 17 06:00:00 PM EDT 2026 [iter=85] OK: TEMPLATE_GAP anticipation: +3 templates
Tue Mar 17 06:00:13 PM EDT 2026 [iter=86] OK: SIGNAL_GAP sel_operator_assignments: +3 signals
Tue Mar 17 06:00:26 PM EDT 2026 [iter=87] OK: RULE_GAP: +3 rule suggestions
Tue Mar 17 06:00:42 PM EDT 2026 [iter=88] OK: VARIANT_GAP anticipation: +6 variant templates
Tue Mar 17 06:00:54 PM EDT 2026 [iter=89] OK: QUALITY_REVIEW anticipation: reviewed 12, replaced 0
Tue Mar 17 06:01:16 PM EDT 2026 [iter=90] OK: TEMPLATE_GAP connection: +3 templates
Tue Mar 17 06:01:23 PM EDT 2026 [iter=91] OK: SIGNAL_GAP sel_operator_assignments: +6 signals
Tue Mar 17 06:01:35 PM EDT 2026 [iter=92] OK: RULE_GAP: +3 rule suggestions
Tue Mar 17 06:01:48 PM EDT 2026 [iter=93] OK: VARIANT_GAP connection: +6 variant templates
Tue Mar 17 06:02:16 PM EDT 2026 [iter=94] OK: QUALITY_REVIEW connection: reviewed 12, replaced 2
Tue Mar 17 06:02:49 PM EDT 2026 [iter=95] OK: TEMPLATE_GAP homesickness: +3 templates
Tue Mar 17 06:03:05 PM EDT 2026 [iter=96] OK: SIGNAL_GAP sel_operator_assignments: +4 signals
Tue Mar 17 06:03:19 PM EDT 2026 [iter=97] OK: RULE_GAP: +3 rule suggestions
Tue Mar 17 06:03:42 PM EDT 2026 [iter=98] OK: VARIANT_GAP homesickness: +6 variant templates
Tue Mar 17 06:04:02 PM EDT 2026 [iter=99] OK: QUALITY_REVIEW homesickness: reviewed 10, replaced 0
Tue Mar 17 06:04:31 PM EDT 2026 [iter=100] OK: TEMPLATE_GAP longing: +3 templates
Tue Mar 17 06:04:40 PM EDT 2026 [iter=101] OK: SIGNAL_GAP sel_operator_assignments: +7 signals
Tue Mar 17 06:05:03 PM EDT 2026 [iter=102] OK: RULE_GAP: +3 rule suggestions
Tue Mar 17 06:05:38 PM EDT 2026 [iter=103] OK: VARIANT_GAP longing: +6 variant templates
Tue Mar 17 06:05:53 PM EDT 2026 [iter=104] OK: QUALITY_REVIEW longing: reviewed 12, replaced 0
Tue Mar 17 06:06:33 PM EDT 2026 [iter=105] OK: TEMPLATE_GAP mourning: +3 templates
Tue Mar 17 06:06:48 PM EDT 2026 [iter=106] OK: SIGNAL_GAP sel_operator_assignments: +5 signals
Tue Mar 17 06:07:20 PM EDT 2026 [iter=107] OK: RULE_GAP: +3 rule suggestions
Tue Mar 17 06:07:52 PM EDT 2026 [iter=108] OK: VARIANT_GAP mourning: +6 variant templates
Tue Mar 17 06:08:09 PM EDT 2026 [iter=109] OK: QUALITY_REVIEW mourning: reviewed 12, replaced 0
Tue Mar 17 06:08:45 PM EDT 2026 [iter=110] OK: TEMPLATE_GAP anticipation: +3 templates
Tue Mar 17 06:08:56 PM EDT 2026 [iter=111] OK: SIGNAL_GAP sel_operator_assignments: +4 signals
Tue Mar 17 06:09:21 PM EDT 2026 [iter=112] OK: RULE_GAP: +3 rule suggestions
Tue Mar 17 06:09:56 PM EDT 2026 [iter=113] OK: VARIANT_GAP anticipation: +6 variant templates
Tue Mar 17 06:10:13 PM EDT 2026 [iter=114] OK: QUALITY_REVIEW anticipation: reviewed 12, replaced 0
Tue Mar 17 06:10:35 PM EDT 2026 [iter=115] OK: TEMPLATE_GAP connection: +3 templates
Tue Mar 17 06:10:48 PM EDT 2026 [iter=116] OK: SIGNAL_GAP sel_operator_assignments: +7 signals
Tue Mar 17 06:11:17 PM EDT 2026 [iter=117] OK: RULE_GAP: +3 rule suggestions
Tue Mar 17 06:11:36 PM EDT 2026 [iter=118] OK: VARIANT_GAP connection: +6 variant templates
Tue Mar 17 06:11:54 PM EDT 2026 [iter=119] OK: QUALITY_REVIEW connection: reviewed 12, replaced 0
Tue Mar 17 06:12:34 PM EDT 2026 [iter=120] OK: TEMPLATE_GAP homesickness: +3 templates
Tue Mar 17 06:12:46 PM EDT 2026 [iter=121] OK: SIGNAL_GAP sel_operator_assignments: +10 signals
Tue Mar 17 06:13:11 PM EDT 2026 [iter=122] OK: RULE_GAP: +3 rule suggestions
Tue Mar 17 06:13:34 PM EDT 2026 [iter=123] OK: VARIANT_GAP homesickness: +6 variant templates
Tue Mar 17 06:14:01 PM EDT 2026 [iter=124] OK: QUALITY_REVIEW homesickness: reviewed 10, replaced 0
Tue Mar 17 06:14:33 PM EDT 2026 [iter=125] OK: TEMPLATE_GAP longing: +6 templates
Tue Mar 17 06:14:43 PM EDT 2026 [iter=126] OK: SIGNAL_GAP sel_operator_assignments: +5 signals
Tue Mar 17 06:14:56 PM EDT 2026 [iter=127] OK: RULE_GAP: +3 rule suggestions
Tue Mar 17 06:15:27 PM EDT 2026 [iter=128] OK: VARIANT_GAP longing: +6 variant templates
Tue Mar 17 06:15:47 PM EDT 2026 [iter=129] OK: QUALITY_REVIEW longing: reviewed 12, replaced 0
Tue Mar 17 06:16:37 PM EDT 2026 [iter=130] OK: TEMPLATE_GAP mourning: +6 templates
Tue Mar 17 06:16:49 PM EDT 2026 [iter=131] OK: SIGNAL_GAP sel_operator_assignments: +9 signals
Tue Mar 17 06:17:02 PM EDT 2026 [iter=132] OK: RULE_GAP: +3 rule suggestions
Tue Mar 17 06:17:31 PM EDT 2026 [iter=133] OK: VARIANT_GAP mourning: +6 variant templates
Tue Mar 17 06:17:46 PM EDT 2026 [iter=134] OK: QUALITY_REVIEW mourning: reviewed 12, replaced 0
Tue Mar 17 06:18:11 PM EDT 2026 [iter=135] OK: TEMPLATE_GAP anticipation: +3 templates
Tue Mar 17 06:18:22 PM EDT 2026 [iter=136] OK: SIGNAL_GAP sel_operator_assignments: +6 signals
Tue Mar 17 06:19:09 PM EDT 2026 [iter=137] OK: RULE_GAP: +3 rule suggestions
Tue Mar 17 06:19:48 PM EDT 2026 [iter=138] OK: VARIANT_GAP anticipation: +6 variant templates
Tue Mar 17 06:20:12 PM EDT 2026 [iter=139] OK: QUALITY_REVIEW anticipation: reviewed 12, replaced 1
Tue Mar 17 06:20:40 PM EDT 2026 [iter=140] OK: TEMPLATE_GAP connection: +3 templates
Tue Mar 17 06:20:51 PM EDT 2026 [iter=141] OK: SIGNAL_GAP sel_operator_assignments: +9 signals
Tue Mar 17 06:21:10 PM EDT 2026 [iter=142] OK: RULE_GAP: +3 rule suggestions
Tue Mar 17 06:21:38 PM EDT 2026 [iter=143] OK: VARIANT_GAP connection: +6 variant templates
Tue Mar 17 06:21:50 PM EDT 2026 [iter=144] OK: QUALITY_REVIEW connection: reviewed 12, replaced 0
Tue Mar 17 06:22:23 PM EDT 2026 [iter=145] OK: TEMPLATE_GAP homesickness: +3 templates
Tue Mar 17 06:22:35 PM EDT 2026 [iter=146] OK: SIGNAL_GAP sel_operator_assignments: +6 signals
Tue Mar 17 06:23:36 PM EDT 2026 [iter=147] OK: RULE_GAP: +3 rule suggestions
Tue Mar 17 06:24:01 PM EDT 2026 [iter=148] OK: VARIANT_GAP homesickness: +6 variant templates
Tue Mar 17 06:24:15 PM EDT 2026 [iter=149] OK: QUALITY_REVIEW homesickness: reviewed 10, replaced 0
Tue Mar 17 06:24:45 PM EDT 2026 [iter=150] OK: TEMPLATE_GAP longing: +6 templates
Tue Mar 17 06:24:55 PM EDT 2026 [iter=151] OK: SIGNAL_GAP sel_operator_assignments: +5 signals
Tue Mar 17 06:25:10 PM EDT 2026 [iter=152] OK: RULE_GAP: +3 rule suggestions
Tue Mar 17 06:25:23 PM EDT 2026 [iter=153] OK: VARIANT_GAP longing: +6 variant templates
Tue Mar 17 06:25:35 PM EDT 2026 [iter=154] OK: QUALITY_REVIEW longing: reviewed 12, replaced 0
Tue Mar 17 06:25:59 PM EDT 2026 [iter=155] OK: TEMPLATE_GAP mourning: +3 templates
Tue Mar 17 06:26:10 PM EDT 2026 [iter=156] OK: SIGNAL_GAP sel_operator_assignments: +1 signals
Tue Mar 17 06:26:47 PM EDT 2026 [iter=157] OK: RULE_GAP: +3 rule suggestions
Tue Mar 17 06:27:14 PM EDT 2026 [iter=158] OK: VARIANT_GAP mourning: +6 variant templates
Tue Mar 17 06:27:28 PM EDT 2026 [iter=159] OK: QUALITY_REVIEW mourning: reviewed 12, replaced 0
Tue Mar 17 06:27:55 PM EDT 2026 [iter=160] OK: TEMPLATE_GAP anticipation: +3 templates
Tue Mar 17 06:28:11 PM EDT 2026 [iter=161] OK: SIGNAL_GAP sel_operator_assignments: +5 signals
Tue Mar 17 06:29:04 PM EDT 2026 [iter=162] OK: RULE_GAP: +3 rule suggestions
Tue Mar 17 06:29:22 PM EDT 2026 [iter=163] OK: VARIANT_GAP anticipation: +6 variant templates
Tue Mar 17 06:29:39 PM EDT 2026 [iter=164] OK: QUALITY_REVIEW anticipation: reviewed 12, replaced 2
Tue Mar 17 06:30:21 PM EDT 2026 [iter=165] OK: TEMPLATE_GAP connection: +3 templates
Tue Mar 17 06:30:32 PM EDT 2026 [iter=166] OK: SIGNAL_GAP sel_operator_assignments: +5 signals
Tue Mar 17 06:30:59 PM EDT 2026 [iter=167] OK: RULE_GAP: +3 rule suggestions
Tue Mar 17 06:31:27 PM EDT 2026 [iter=168] OK: VARIANT_GAP connection: +6 variant templates
Tue Mar 17 06:31:45 PM EDT 2026 [iter=169] OK: QUALITY_REVIEW connection: reviewed 12, replaced 0
Tue Mar 17 06:32:34 PM EDT 2026 [iter=170] OK: TEMPLATE_GAP homesickness: +6 templates
Tue Mar 17 06:32:46 PM EDT 2026 [iter=171] OK: SIGNAL_GAP sel_operator_assignments: +4 signals
Tue Mar 17 06:33:27 PM EDT 2026 [iter=172] OK: RULE_GAP: +3 rule suggestions
Tue Mar 17 06:33:46 PM EDT 2026 [iter=173] OK: VARIANT_GAP homesickness: +6 variant templates
Tue Mar 17 06:34:05 PM EDT 2026 [iter=174] OK: QUALITY_REVIEW homesickness: reviewed 10, replaced 1
Tue Mar 17 06:34:35 PM EDT 2026 [iter=175] OK: TEMPLATE_GAP longing: +3 templates
Tue Mar 17 06:34:47 PM EDT 2026 [iter=176] OK: SIGNAL_GAP sel_operator_assignments: +4 signals
Tue Mar 17 06:34:59 PM EDT 2026 [iter=177] OK: RULE_GAP: +3 rule suggestions
Tue Mar 17 06:35:43 PM EDT 2026 [iter=178] OK: VARIANT_GAP longing: +6 variant templates
Tue Mar 17 06:35:55 PM EDT 2026 [iter=179] OK: QUALITY_REVIEW longing: reviewed 12, replaced 0
Tue Mar 17 06:36:25 PM EDT 2026 [iter=180] OK: TEMPLATE_GAP mourning: +3 templates
Tue Mar 17 06:36:35 PM EDT 2026 [iter=181] OK: SIGNAL_GAP sel_operator_assignments: +1 signals
Tue Mar 17 06:37:07 PM EDT 2026 [iter=182] OK: RULE_GAP: +3 rule suggestions
Tue Mar 17 06:37:40 PM EDT 2026 [iter=183] OK: VARIANT_GAP mourning: +6 variant templates
Tue Mar 17 06:37:55 PM EDT 2026 [iter=184] OK: QUALITY_REVIEW mourning: reviewed 12, replaced 0
Tue Mar 17 06:38:41 PM EDT 2026 [iter=185] OK: TEMPLATE_GAP anticipation: +4 templates
Tue Mar 17 06:38:56 PM EDT 2026 [iter=186] OK: SIGNAL_GAP sel_operator_assignments: +7 signals
Tue Mar 17 06:39:12 PM EDT 2026 [iter=187] OK: RULE_GAP: +3 rule suggestions
Tue Mar 17 06:39:43 PM EDT 2026 [iter=188] OK: VARIANT_GAP anticipation: +6 variant templates
Tue Mar 17 06:40:17 PM EDT 2026 [iter=189] OK: QUALITY_REVIEW anticipation: reviewed 12, replaced 1
Tue Mar 17 06:40:53 PM EDT 2026 [iter=190] OK: TEMPLATE_GAP connection: +3 templates
Tue Mar 17 06:41:04 PM EDT 2026 [iter=191] OK: SIGNAL_GAP sel_operator_assignments: +3 signals
Tue Mar 17 06:42:06 PM EDT 2026 [iter=192] OK: RULE_GAP: +3 rule suggestions
Tue Mar 17 06:42:21 PM EDT 2026 [iter=193] OK: VARIANT_GAP connection: +6 variant templates
Tue Mar 17 06:42:36 PM EDT 2026 [iter=194] OK: QUALITY_REVIEW connection: reviewed 12, replaced 0
Tue Mar 17 06:43:17 PM EDT 2026 [iter=195] OK: TEMPLATE_GAP homesickness: +3 templates
Tue Mar 17 06:43:26 PM EDT 2026 [iter=196] OK: SIGNAL_GAP sel_operator_assignments: +2 signals
Tue Mar 17 06:43:38 PM EDT 2026 [iter=197] OK: RULE_GAP: +3 rule suggestions
Tue Mar 17 06:43:56 PM EDT 2026 [iter=198] OK: VARIANT_GAP homesickness: +6 variant templates
Tue Mar 17 06:44:29 PM EDT 2026 [iter=199] OK: QUALITY_REVIEW homesickness: reviewed 10, replaced 0
Tue Mar 17 06:45:06 PM EDT 2026 [iter=200] OK: TEMPLATE_GAP longing: +3 templates
Tue Mar 17 06:45:32 PM EDT 2026 [iter=201] OK: SIGNAL_GAP sel_operator_assignments: +3 signals
Tue Mar 17 06:45:56 PM EDT 2026 [iter=202] OK: RULE_GAP: +3 rule suggestions
Tue Mar 17 06:46:14 PM EDT 2026 [iter=203] OK: VARIANT_GAP longing: +6 variant templates
Tue Mar 17 06:47:00 PM EDT 2026 [iter=204] OK: QUALITY_REVIEW longing: reviewed 12, replaced 1
Tue Mar 17 06:47:29 PM EDT 2026 [iter=205] OK: TEMPLATE_GAP mourning: +3 templates
Tue Mar 17 06:47:45 PM EDT 2026 [iter=206] OK: SIGNAL_GAP sel_operator_assignments: +4 signals
Tue Mar 17 06:48:11 PM EDT 2026 [iter=207] OK: RULE_GAP: +3 rule suggestions
Tue Mar 17 06:48:46 PM EDT 2026 [iter=208] OK: VARIANT_GAP mourning: +6 variant templates
Tue Mar 17 06:49:00 PM EDT 2026 [iter=209] OK: QUALITY_REVIEW mourning: reviewed 12, replaced 0
Tue Mar 17 06:49:20 PM EDT 2026 [iter=210] OK: TEMPLATE_GAP anticipation: +3 templates
Tue Mar 17 06:49:39 PM EDT 2026 [iter=211] OK: SIGNAL_GAP sel_operator_assignments: +4 signals
Tue Mar 17 06:50:02 PM EDT 2026 [iter=212] OK: RULE_GAP: +3 rule suggestions
Tue Mar 17 06:50:28 PM EDT 2026 [iter=213] OK: VARIANT_GAP anticipation: +6 variant templates
Tue Mar 17 06:50:49 PM EDT 2026 [iter=214] OK: QUALITY_REVIEW anticipation: reviewed 12, replaced 0
Tue Mar 17 06:51:17 PM EDT 2026 [iter=215] OK: TEMPLATE_GAP connection: +6 templates
Tue Mar 17 06:51:30 PM EDT 2026 [iter=216] OK: SIGNAL_GAP sel_operator_assignments: +7 signals
Tue Mar 17 06:52:19 PM EDT 2026 [iter=217] OK: RULE_GAP: +3 rule suggestions
Tue Mar 17 06:52:34 PM EDT 2026 [iter=218] OK: VARIANT_GAP connection: +6 variant templates
Tue Mar 17 06:52:54 PM EDT 2026 [iter=219] OK: QUALITY_REVIEW connection: reviewed 12, replaced 0
Tue Mar 17 06:53:23 PM EDT 2026 [iter=220] OK: TEMPLATE_GAP homesickness: +3 templates
Tue Mar 17 06:53:36 PM EDT 2026 [iter=221] OK: SIGNAL_GAP sel_operator_assignments: +5 signals
Tue Mar 17 06:53:56 PM EDT 2026 [iter=222] OK: RULE_GAP: +3 rule suggestions
Tue Mar 17 06:54:34 PM EDT 2026 [iter=223] OK: VARIANT_GAP homesickness: +6 variant templates
Tue Mar 17 06:54:53 PM EDT 2026 [iter=224] OK: QUALITY_REVIEW homesickness: reviewed 10, replaced 0
Tue Mar 17 06:55:23 PM EDT 2026 [iter=225] OK: TEMPLATE_GAP longing: +3 templates
Tue Mar 17 06:55:32 PM EDT 2026 [iter=226] OK: SIGNAL_GAP sel_operator_assignments: +7 signals
Tue Mar 17 06:56:14 PM EDT 2026 [iter=227] OK: RULE_GAP: +3 rule suggestions
Tue Mar 17 06:56:37 PM EDT 2026 [iter=228] OK: VARIANT_GAP longing: +6 variant templates
Tue Mar 17 06:56:53 PM EDT 2026 [iter=229] OK: QUALITY_REVIEW longing: reviewed 12, replaced 1
Tue Mar 17 06:57:31 PM EDT 2026 [iter=230] OK: TEMPLATE_GAP mourning: +3 templates
Tue Mar 17 06:57:40 PM EDT 2026 [iter=231] OK: SIGNAL_GAP sel_operator_assignments: +3 signals
Tue Mar 17 06:57:52 PM EDT 2026 [iter=232] OK: RULE_GAP: +3 rule suggestions
Tue Mar 17 06:58:39 PM EDT 2026 [iter=233] OK: VARIANT_GAP mourning: +6 variant templates
Tue Mar 17 06:58:55 PM EDT 2026 [iter=234] OK: QUALITY_REVIEW mourning: reviewed 12, replaced 0
Tue Mar 17 06:59:37 PM EDT 2026 [iter=235] OK: TEMPLATE_GAP anticipation: +3 templates
Tue Mar 17 06:59:48 PM EDT 2026 [iter=236] OK: SIGNAL_GAP sel_operator_assignments: +5 signals
Tue Mar 17 07:00:04 PM EDT 2026 [iter=237] OK: RULE_GAP: +3 rule suggestions
Tue Mar 17 07:00:44 PM EDT 2026 [iter=238] OK: VARIANT_GAP anticipation: +6 variant templates
Tue Mar 17 07:01:29 PM EDT 2026 [iter=239] OK: QUALITY_REVIEW anticipation: reviewed 12, replaced 0
Tue Mar 17 07:01:58 PM EDT 2026 [iter=240] OK: TEMPLATE_GAP connection: +3 templates
Tue Mar 17 07:02:10 PM EDT 2026 [iter=241] OK: SIGNAL_GAP sel_operator_assignments: +4 signals
Tue Mar 17 07:02:52 PM EDT 2026 [iter=242] OK: RULE_GAP: +3 rule suggestions
Tue Mar 17 07:03:16 PM EDT 2026 [iter=243] OK: VARIANT_GAP connection: +6 variant templates
Tue Mar 17 07:03:29 PM EDT 2026 [iter=244] OK: QUALITY_REVIEW connection: reviewed 12, replaced 0
Tue Mar 17 07:04:02 PM EDT 2026 [iter=245] OK: TEMPLATE_GAP homesickness: +3 templates
Tue Mar 17 07:04:13 PM EDT 2026 [iter=246] OK: SIGNAL_GAP sel_operator_assignments: +3 signals
Tue Mar 17 07:05:07 PM EDT 2026 [iter=247] OK: RULE_GAP: +3 rule suggestions
Tue Mar 17 07:05:57 PM EDT 2026 [iter=248] OK: VARIANT_GAP homesickness: +6 variant templates
Tue Mar 17 07:06:18 PM EDT 2026 [iter=249] OK: QUALITY_REVIEW homesickness: reviewed 10, replaced 0
Tue Mar 17 07:06:59 PM EDT 2026 [iter=250] OK: TEMPLATE_GAP longing: +6 templates
Tue Mar 17 07:07:13 PM EDT 2026 [iter=251] OK: SIGNAL_GAP sel_operator_assignments: +3 signals
Tue Mar 17 07:07:22 PM EDT 2026 [iter=252] OK: RULE_GAP: +3 rule suggestions
Tue Mar 17 07:07:45 PM EDT 2026 [iter=253] OK: VARIANT_GAP longing: +6 variant templates
Tue Mar 17 07:08:02 PM EDT 2026 [iter=254] OK: QUALITY_REVIEW longing: reviewed 12, replaced 0
Tue Mar 17 07:08:32 PM EDT 2026 [iter=255] OK: TEMPLATE_GAP mourning: +3 templates
Tue Mar 17 07:08:44 PM EDT 2026 [iter=256] OK: SIGNAL_GAP sel_operator_assignments: +4 signals
Tue Mar 17 07:09:13 PM EDT 2026 [iter=257] OK: RULE_GAP: +3 rule suggestions
Tue Mar 17 07:10:14 PM EDT 2026 [iter=258] OK: VARIANT_GAP mourning: +6 variant templates
Tue Mar 17 07:10:30 PM EDT 2026 [iter=259] OK: QUALITY_REVIEW mourning: reviewed 12, replaced 0
Tue Mar 17 07:11:08 PM EDT 2026 [iter=260] OK: TEMPLATE_GAP anticipation: +6 templates
Tue Mar 17 07:11:19 PM EDT 2026 [iter=261] OK: SIGNAL_GAP sel_operator_assignments: +4 signals
Tue Mar 17 07:12:07 PM EDT 2026 [iter=262] OK: RULE_GAP: +3 rule suggestions
Tue Mar 17 07:12:45 PM EDT 2026 [iter=263] OK: VARIANT_GAP anticipation: +6 variant templates
Tue Mar 17 07:12:56 PM EDT 2026 [iter=264] OK: QUALITY_REVIEW anticipation: reviewed 12, replaced 0
Tue Mar 17 07:13:33 PM EDT 2026 [iter=265] OK: TEMPLATE_GAP connection: +3 templates
Tue Mar 17 07:13:41 PM EDT 2026 [iter=266] OK: SIGNAL_GAP sel_operator_assignments: +8 signals
Tue Mar 17 07:14:08 PM EDT 2026 [iter=267] OK: RULE_GAP: +3 rule suggestions
Tue Mar 17 07:14:33 PM EDT 2026 [iter=268] OK: VARIANT_GAP connection: +6 variant templates
Tue Mar 17 07:14:44 PM EDT 2026 [iter=269] OK: QUALITY_REVIEW connection: reviewed 12, replaced 0
Tue Mar 17 07:15:25 PM EDT 2026 [iter=270] OK: TEMPLATE_GAP homesickness: +3 templates
Tue Mar 17 07:15:35 PM EDT 2026 [iter=271] OK: SIGNAL_GAP sel_operator_assignments: +2 signals
Tue Mar 17 07:16:23 PM EDT 2026 [iter=272] OK: RULE_GAP: +3 rule suggestions
Tue Mar 17 07:16:51 PM EDT 2026 [iter=273] OK: VARIANT_GAP homesickness: +6 variant templates
Tue Mar 17 07:17:09 PM EDT 2026 [iter=274] OK: QUALITY_REVIEW homesickness: reviewed 10, replaced 0
Tue Mar 17 07:18:07 PM EDT 2026 [iter=275] OK: TEMPLATE_GAP longing: +3 templates
Tue Mar 17 07:18:16 PM EDT 2026 [iter=276] OK: SIGNAL_GAP sel_operator_assignments: +6 signals
Tue Mar 17 07:18:30 PM EDT 2026 [iter=277] OK: RULE_GAP: +3 rule suggestions
Tue Mar 17 07:18:56 PM EDT 2026 [iter=278] OK: VARIANT_GAP longing: +6 variant templates
Tue Mar 17 07:19:27 PM EDT 2026 [iter=279] OK: QUALITY_REVIEW longing: reviewed 12, replaced 0
Tue Mar 17 07:20:14 PM EDT 2026 [iter=280] OK: TEMPLATE_GAP mourning: +6 templates
Tue Mar 17 07:20:26 PM EDT 2026 [iter=281] OK: SIGNAL_GAP sel_operator_assignments: +0 signals
Tue Mar 17 07:20:54 PM EDT 2026 [iter=282] OK: RULE_GAP: +3 rule suggestions
Tue Mar 17 07:21:39 PM EDT 2026 [iter=283] OK: VARIANT_GAP mourning: +6 variant templates
Tue Mar 17 07:21:50 PM EDT 2026 [iter=284] OK: QUALITY_REVIEW mourning: reviewed 12, replaced 0
Tue Mar 17 07:22:31 PM EDT 2026 [iter=285] OK: TEMPLATE_GAP anticipation: +3 templates
Tue Mar 17 07:22:41 PM EDT 2026 [iter=286] OK: SIGNAL_GAP sel_operator_assignments: +4 signals
Tue Mar 17 07:23:05 PM EDT 2026 [iter=287] OK: RULE_GAP: +3 rule suggestions
Tue Mar 17 07:23:29 PM EDT 2026 [iter=288] OK: VARIANT_GAP anticipation: +6 variant templates
Tue Mar 17 07:23:43 PM EDT 2026 [iter=289] OK: QUALITY_REVIEW anticipation: reviewed 12, replaced 0
Tue Mar 17 07:24:30 PM EDT 2026 [iter=290] OK: TEMPLATE_GAP connection: +3 templates
Tue Mar 17 07:24:42 PM EDT 2026 [iter=291] OK: SIGNAL_GAP sel_operator_assignments: +10 signals
Tue Mar 17 07:25:08 PM EDT 2026 [iter=292] OK: RULE_GAP: +3 rule suggestions
Tue Mar 17 07:25:28 PM EDT 2026 [iter=293] OK: VARIANT_GAP connection: +6 variant templates
Tue Mar 17 07:25:39 PM EDT 2026 [iter=294] OK: QUALITY_REVIEW connection: reviewed 12, replaced 0
Tue Mar 17 07:26:22 PM EDT 2026 [iter=295] OK: TEMPLATE_GAP homesickness: +3 templates
Tue Mar 17 07:26:36 PM EDT 2026 [iter=296] OK: SIGNAL_GAP sel_operator_assignments: +5 signals
Tue Mar 17 07:26:48 PM EDT 2026 [iter=297] OK: RULE_GAP: +3 rule suggestions
Tue Mar 17 07:27:26 PM EDT 2026 [iter=298] OK: VARIANT_GAP homesickness: +6 variant templates
Tue Mar 17 07:27:40 PM EDT 2026 [iter=299] OK: QUALITY_REVIEW homesickness: reviewed 10, replaced 0
Tue Mar 17 07:28:22 PM EDT 2026 [iter=300] OK: TEMPLATE_GAP longing: +3 templates
Tue Mar 17 07:28:33 PM EDT 2026 [iter=301] OK: SIGNAL_GAP sel_operator_assignments: +8 signals
Tue Mar 17 07:28:48 PM EDT 2026 [iter=302] OK: RULE_GAP: +3 rule suggestions
Tue Mar 17 07:29:16 PM EDT 2026 [iter=303] OK: VARIANT_GAP longing: +6 variant templates
Tue Mar 17 07:29:31 PM EDT 2026 [iter=304] OK: QUALITY_REVIEW longing: reviewed 12, replaced 0
Tue Mar 17 07:30:14 PM EDT 2026 [iter=305] OK: TEMPLATE_GAP mourning: +3 templates
Tue Mar 17 07:30:26 PM EDT 2026 [iter=306] OK: SIGNAL_GAP sel_operator_assignments: +4 signals
Tue Mar 17 07:30:42 PM EDT 2026 [iter=307] OK: RULE_GAP: +3 rule suggestions
Tue Mar 17 07:31:06 PM EDT 2026 [iter=308] OK: VARIANT_GAP mourning: +6 variant templates
Tue Mar 17 07:31:23 PM EDT 2026 [iter=309] OK: QUALITY_REVIEW mourning: reviewed 12, replaced 0
Tue Mar 17 07:32:13 PM EDT 2026 [iter=310] OK: TEMPLATE_GAP anticipation: +3 templates
Tue Mar 17 07:32:23 PM EDT 2026 [iter=311] OK: SIGNAL_GAP sel_operator_assignments: +3 signals
Tue Mar 17 07:33:00 PM EDT 2026 [iter=312] OK: RULE_GAP: +3 rule suggestions
Tue Mar 17 07:33:29 PM EDT 2026 [iter=313] OK: VARIANT_GAP anticipation: +6 variant templates
Tue Mar 17 07:34:07 PM EDT 2026 [iter=314] OK: QUALITY_REVIEW anticipation: reviewed 12, replaced 2
Tue Mar 17 07:34:32 PM EDT 2026 [iter=315] OK: TEMPLATE_GAP connection: +3 templates
Tue Mar 17 07:34:43 PM EDT 2026 [iter=316] OK: SIGNAL_GAP sel_operator_assignments: +4 signals
Tue Mar 17 07:35:09 PM EDT 2026 [iter=317] OK: RULE_GAP: +3 rule suggestions
Tue Mar 17 07:35:41 PM EDT 2026 [iter=318] OK: VARIANT_GAP connection: +6 variant templates
Tue Mar 17 07:35:51 PM EDT 2026 [iter=319] OK: QUALITY_REVIEW connection: reviewed 12, replaced 0
Tue Mar 17 07:36:44 PM EDT 2026 [iter=320] OK: TEMPLATE_GAP homesickness: +3 templates
Tue Mar 17 07:36:58 PM EDT 2026 [iter=321] OK: SIGNAL_GAP sel_operator_assignments: +0 signals
Tue Mar 17 07:37:14 PM EDT 2026 [iter=322] OK: RULE_GAP: +3 rule suggestions
Tue Mar 17 07:37:53 PM EDT 2026 [iter=323] OK: VARIANT_GAP homesickness: +6 variant templates
Tue Mar 17 07:38:15 PM EDT 2026 [iter=324] OK: QUALITY_REVIEW homesickness: reviewed 10, replaced 0
Tue Mar 17 07:38:55 PM EDT 2026 [iter=325] OK: TEMPLATE_GAP longing: +3 templates
Tue Mar 17 07:39:14 PM EDT 2026 [iter=326] OK: SIGNAL_GAP sel_operator_assignments: +1 signals
Tue Mar 17 07:39:27 PM EDT 2026 [iter=327] OK: RULE_GAP: +3 rule suggestions
Tue Mar 17 07:40:00 PM EDT 2026 [iter=328] OK: VARIANT_GAP longing: +6 variant templates
Tue Mar 17 07:40:25 PM EDT 2026 [iter=329] OK: QUALITY_REVIEW longing: reviewed 12, replaced 0
Tue Mar 17 07:41:04 PM EDT 2026 [iter=330] OK: TEMPLATE_GAP mourning: +3 templates
Tue Mar 17 07:41:21 PM EDT 2026 [iter=331] OK: SIGNAL_GAP sel_operator_assignments: +4 signals
Tue Mar 17 07:41:59 PM EDT 2026 [iter=332] OK: RULE_GAP: +3 rule suggestions
Tue Mar 17 07:42:31 PM EDT 2026 [iter=333] OK: VARIANT_GAP mourning: +6 variant templates
Tue Mar 17 07:42:48 PM EDT 2026 [iter=334] OK: QUALITY_REVIEW mourning: reviewed 12, replaced 0
Tue Mar 17 07:43:28 PM EDT 2026 [iter=335] OK: TEMPLATE_GAP anticipation: +6 templates
Tue Mar 17 07:43:38 PM EDT 2026 [iter=336] OK: SIGNAL_GAP sel_operator_assignments: +6 signals
Tue Mar 17 07:44:10 PM EDT 2026 [iter=337] OK: RULE_GAP: +3 rule suggestions
Tue Mar 17 07:44:49 PM EDT 2026 [iter=338] OK: VARIANT_GAP anticipation: +6 variant templates
Tue Mar 17 07:45:02 PM EDT 2026 [iter=339] OK: QUALITY_REVIEW anticipation: reviewed 12, replaced 0
Tue Mar 17 07:45:44 PM EDT 2026 [iter=340] OK: TEMPLATE_GAP connection: +3 templates
Tue Mar 17 07:45:55 PM EDT 2026 [iter=341] OK: SIGNAL_GAP sel_operator_assignments: +2 signals
Tue Mar 17 07:46:40 PM EDT 2026 [iter=342] OK: RULE_GAP: +3 rule suggestions
Tue Mar 17 07:47:02 PM EDT 2026 [iter=343] OK: VARIANT_GAP connection: +6 variant templates
Tue Mar 17 07:47:17 PM EDT 2026 [iter=344] OK: QUALITY_REVIEW connection: reviewed 12, replaced 0
